2025-08-27 14:49:40,903 - __main__ - INFO - main - Using config file api_config.json
2025-08-27 14:49:40,905 - __main__ - INFO - main - Starting Application on http://ITE00647722:8000
2025-08-27 14:49:41,048 - DB_Handler.DB_Handler - INFO - initialize_database - Database 'postgresql+psycopg2://event_mgr:event_mgr@localhost/events_db' initialized with given tables
2025-08-27 14:49:41,049 - src.utils - INFO - data_ingestion_processing - Starting Data Ingestion Porcessing
2025-08-27 14:49:41,049 - src.utils - INFO - data_polling_processing - Starting Data Polling Porcessing for given sources ['ecql'] polling for new events every 10 seconds
2025-08-27 14:49:44,222 - src.routes - INFO - shutdown_event - Shutting Down EventManager_API Application
2025-08-27 14:49:44,226 - src.routes - INFO - shutdown_event - Shutting Down EventManager_API Application
2025-08-27 14:50:47,313 - __main__ - INFO - main - Using config file api_config.json
2025-08-27 14:50:47,314 - __main__ - INFO - main - Starting Application on http://ITE00647722:8000
2025-08-27 14:50:47,451 - DB_Handler.DB_Handler - INFO - initialize_database - Database 'postgresql+psycopg2://event_mgr:event_mgr@localhost/events_db' initialized with given tables
2025-08-27 14:50:47,452 - src.utils - INFO - data_ingestion_processing - Starting Data Ingestion Porcessing
2025-08-27 14:50:47,452 - src.utils - INFO - data_polling_processing - Starting Data Polling Porcessing for given sources ['ecql'] polling for new events every 10 seconds
2025-08-27 14:51:08,699 - src.routes - INFO - store_metric_alert - POST Request for ASTRA Event received with SCID: 6 and metric: PCA_CURRENT_FID
2025-08-27 14:51:11,461 - src.utils - INFO - data_ingestion_processing - Storing scid=6 event_time='2025-08-27 14:51:08' event_rule_id=4 event_name='PCA_CURRENT_FID' event_rule='PCA_CURRENT > 2' event_src='constellation_tracker' spark_script='pca_current' gem_full_path='C:/vcid.pgem'
2025-08-27 14:51:11,468 - DB_Handler.DB_Handler - INFO - get_dt_object - Using Time Format %Y-%m-%d %H:%M:%S
2025-08-27 14:51:11,479 - src.SPARK_Manager - INFO - spark_mgr - Sending EventManager_API job_id = 87 to SPARK
2025-08-27 14:51:15,524 - src.utils - ERROR - data_ingestion_processing - Issues with Storing scid=6 event_time='2025-08-27 14:51:08' event_rule_id=4 event_name='PCA_CURRENT_FID' event_rule='PCA_CURRENT > 2' event_src='constellation_tracker' spark_script='pca_current' gem_full_path='C:/vcid.pgem' : HTTPConnectionPool(host='localhost', port=8001): Max retries exceeded with url: /api/analysis (Caused by NewConnectionError('<urllib3.connection.HTTPConnection object at 0x0000014692778710>: Failed to establish a new connection: [WinError 10061] No connection could be made because the target machine actively refused it'))
2025-08-27 14:51:25,705 - src.routes - INFO - store_metric_alert - POST Request for ASTRA Event received with SCID: 1 and metric: PARS_Divergence
2025-08-27 14:51:27,530 - src.utils - INFO - data_ingestion_processing - Storing scid=1 event_time='2025-08-27 14:51:25' event_rule_id=1 event_name='PARS_Divergence' event_rule='CONVERGENCE == 0' event_src='astra' spark_script='PARS_Divergence' gem_full_path='C:/vcid.pgem'
2025-08-27 14:51:27,530 - DB_Handler.DB_Handler - INFO - get_dt_object - Using Time Format %Y-%m-%d %H:%M:%S
2025-08-27 14:51:27,539 - src.SPARK_Manager - INFO - spark_mgr - Sending EventManager_API job_id = 88 to SPARK
2025-08-27 14:51:31,576 - src.utils - ERROR - data_ingestion_processing - Issues with Storing scid=1 event_time='2025-08-27 14:51:25' event_rule_id=1 event_name='PARS_Divergence' event_rule='CONVERGENCE == 0' event_src='astra' spark_script='PARS_Divergence' gem_full_path='C:/vcid.pgem' : HTTPConnectionPool(host='localhost', port=8001): Max retries exceeded with url: /api/analysis (Caused by NewConnectionError('<urllib3.connection.HTTPConnection object at 0x000001469277A2D0>: Failed to establish a new connection: [WinError 10061] No connection could be made because the target machine actively refused it'))
2025-08-27 14:51:48,710 - src.routes - INFO - store_metric_alert - POST Request for ASTRA Event received with SCID: 5 and metric: Node_Stall
2025-08-27 14:51:49,582 - src.utils - INFO - data_ingestion_processing - Storing scid=5 event_time='2025-08-27 14:51:48' event_rule_id=2 event_name='Node_Stall' event_rule='XCD_Status == 1 & XCD_Data == 0' event_src='astra' spark_script='Node_Stall' gem_full_path='C:/vcid.pgem'
2025-08-27 14:51:49,582 - DB_Handler.DB_Handler - INFO - get_dt_object - Using Time Format %Y-%m-%d %H:%M:%S
2025-08-27 14:51:49,588 - src.SPARK_Manager - INFO - spark_mgr - Sending EventManager_API job_id = 89 to SPARK
2025-08-27 14:51:53,631 - src.utils - ERROR - data_ingestion_processing - Issues with Storing scid=5 event_time='2025-08-27 14:51:48' event_rule_id=2 event_name='Node_Stall' event_rule='XCD_Status == 1 & XCD_Data == 0' event_src='astra' spark_script='Node_Stall' gem_full_path='C:/vcid.pgem' : HTTPConnectionPool(host='localhost', port=8001): Max retries exceeded with url: /api/analysis (Caused by NewConnectionError('<urllib3.connection.HTTPConnection object at 0x00000146927793A0>: Failed to establish a new connection: [WinError 10061] No connection could be made because the target machine actively refused it'))
2025-08-27 14:52:00,714 - src.routes - INFO - store_metric_alert - POST Request for ASTRA Event received with SCID: 3 and metric: PARS_Divergence
2025-08-27 14:52:02,635 - src.utils - INFO - data_ingestion_processing - Storing scid=3 event_time='2025-08-27 14:52:00' event_rule_id=1 event_name='PARS_Divergence' event_rule='CONVERGENCE == 0' event_src='astra' spark_script='PARS_Divergence' gem_full_path='C:/vcid.pgem'
2025-08-27 14:52:02,635 - DB_Handler.DB_Handler - INFO - get_dt_object - Using Time Format %Y-%m-%d %H:%M:%S
2025-08-27 14:52:02,640 - src.SPARK_Manager - INFO - spark_mgr - Sending EventManager_API job_id = 90 to SPARK
2025-08-27 14:52:06,711 - src.utils - ERROR - data_ingestion_processing - Issues with Storing scid=3 event_time='2025-08-27 14:52:00' event_rule_id=1 event_name='PARS_Divergence' event_rule='CONVERGENCE == 0' event_src='astra' spark_script='PARS_Divergence' gem_full_path='C:/vcid.pgem' : HTTPConnectionPool(host='localhost', port=8001): Max retries exceeded with url: /api/analysis (Caused by NewConnectionError('<urllib3.connection.HTTPConnection object at 0x000001469277ADE0>: Failed to establish a new connection: [WinError 10061] No connection could be made because the target machine actively refused it'))
2025-08-27 14:52:15,719 - src.routes - INFO - store_metric_alert - POST Request for ASTRA Event received with SCID: 6 and metric: PCA_CURRENT_FID
2025-08-27 14:52:18,715 - src.utils - INFO - data_ingestion_processing - Storing scid=6 event_time='2025-08-27 14:52:15' event_rule_id=4 event_name='PCA_CURRENT_FID' event_rule='PCA_CURRENT > 2' event_src='constellation_tracker' spark_script='pca_current' gem_full_path='C:/vcid.pgem'
2025-08-27 14:52:18,716 - DB_Handler.DB_Handler - INFO - get_dt_object - Using Time Format %Y-%m-%d %H:%M:%S
2025-08-27 14:52:18,723 - src.SPARK_Manager - INFO - spark_mgr - Sending EventManager_API job_id = 91 to SPARK
2025-08-27 14:52:22,799 - src.utils - ERROR - data_ingestion_processing - Issues with Storing scid=6 event_time='2025-08-27 14:52:15' event_rule_id=4 event_name='PCA_CURRENT_FID' event_rule='PCA_CURRENT > 2' event_src='constellation_tracker' spark_script='pca_current' gem_full_path='C:/vcid.pgem' : HTTPConnectionPool(host='localhost', port=8001): Max retries exceeded with url: /api/analysis (Caused by NewConnectionError('<urllib3.connection.HTTPConnection object at 0x000001469277A330>: Failed to establish a new connection: [WinError 10061] No connection could be made because the target machine actively refused it'))
2025-08-27 14:52:39,723 - src.routes - INFO - store_metric_alert - POST Request for ASTRA Event received with SCID: 2 and metric: PARS_Divergence
2025-08-27 14:52:40,805 - src.utils - INFO - data_ingestion_processing - Storing scid=2 event_time='2025-08-27 14:52:39' event_rule_id=1 event_name='PARS_Divergence' event_rule='CONVERGENCE == 0' event_src='astra' spark_script='PARS_Divergence' gem_full_path='C:/vcid.pgem'
2025-08-27 14:52:40,807 - DB_Handler.DB_Handler - INFO - get_dt_object - Using Time Format %Y-%m-%d %H:%M:%S
2025-08-27 14:52:40,814 - src.SPARK_Manager - INFO - spark_mgr - Sending EventManager_API job_id = 92 to SPARK
2025-08-27 14:52:44,893 - src.utils - ERROR - data_ingestion_processing - Issues with Storing scid=2 event_time='2025-08-27 14:52:39' event_rule_id=1 event_name='PARS_Divergence' event_rule='CONVERGENCE == 0' event_src='astra' spark_script='PARS_Divergence' gem_full_path='C:/vcid.pgem' : HTTPConnectionPool(host='localhost', port=8001): Max retries exceeded with url: /api/analysis (Caused by NewConnectionError('<urllib3.connection.HTTPConnection object at 0x000001469277B950>: Failed to establish a new connection: [WinError 10061] No connection could be made because the target machine actively refused it'))
2025-08-27 14:53:04,727 - src.routes - INFO - store_metric_alert - POST Request for ASTRA Event received with SCID: 6 and metric: PARS_Divergence
2025-08-27 14:53:05,901 - src.utils - INFO - data_ingestion_processing - Storing scid=6 event_time='2025-08-27 14:53:04' event_rule_id=1 event_name='PARS_Divergence' event_rule='CONVERGENCE == 0' event_src='astra' spark_script='PARS_Divergence' gem_full_path='C:/vcid.pgem'
2025-08-27 14:53:05,901 - DB_Handler.DB_Handler - INFO - get_dt_object - Using Time Format %Y-%m-%d %H:%M:%S
2025-08-27 14:53:05,910 - src.SPARK_Manager - INFO - spark_mgr - Sending EventManager_API job_id = 93 to SPARK
2025-08-27 14:53:09,979 - src.utils - ERROR - data_ingestion_processing - Issues with Storing scid=6 event_time='2025-08-27 14:53:04' event_rule_id=1 event_name='PARS_Divergence' event_rule='CONVERGENCE == 0' event_src='astra' spark_script='PARS_Divergence' gem_full_path='C:/vcid.pgem' : HTTPConnectionPool(host='localhost', port=8001): Max retries exceeded with url: /api/analysis (Caused by NewConnectionError('<urllib3.connection.HTTPConnection object at 0x000001469277BB00>: Failed to establish a new connection: [WinError 10061] No connection could be made because the target machine actively refused it'))
2025-08-27 14:53:19,733 - src.routes - INFO - store_metric_alert - POST Request for ASTRA Event received with SCID: 6 and metric: FPA_VOLTAGE_FID
2025-08-27 14:53:21,985 - src.utils - INFO - data_ingestion_processing - Storing scid=6 event_time='2025-08-27 14:53:19' event_rule_id=3 event_name='FPA_VOLTAGE_FID' event_rule='FPA_VOLTAGE > 15' event_src='constellation_tracker' spark_script='fpa_voltage' gem_full_path='C:/vcid.pgem'
2025-08-27 14:53:21,986 - DB_Handler.DB_Handler - INFO - get_dt_object - Using Time Format %Y-%m-%d %H:%M:%S
2025-08-27 14:53:21,993 - src.SPARK_Manager - INFO - spark_mgr - Sending EventManager_API job_id = 94 to SPARK
2025-08-27 14:53:26,048 - src.utils - ERROR - data_ingestion_processing - Issues with Storing scid=6 event_time='2025-08-27 14:53:19' event_rule_id=3 event_name='FPA_VOLTAGE_FID' event_rule='FPA_VOLTAGE > 15' event_src='constellation_tracker' spark_script='fpa_voltage' gem_full_path='C:/vcid.pgem' : HTTPConnectionPool(host='localhost', port=8001): Max retries exceeded with url: /api/analysis (Caused by NewConnectionError('<urllib3.connection.HTTPConnection object at 0x0000014692779940>: Failed to establish a new connection: [WinError 10061] No connection could be made because the target machine actively refused it'))
2025-08-27 14:53:27,522 - src.SPARK_Manager - INFO - spark_mgr - Sending EventManager_API job_id = 95 to SPARK
2025-08-27 14:53:29,738 - src.routes - INFO - store_metric_alert - POST Request for ASTRA Event received with SCID: 4 and metric: FPA_VOLTAGE_FID
2025-08-27 14:53:31,579 - src.utils - ERROR - data_polling_processing - Issue with SPARK Manager: HTTPConnectionPool(host='localhost', port=8001): Max retries exceeded with url: /api/analysis (Caused by NewConnectionError('<urllib3.connection.HTTPConnection object at 0x00000146927793A0>: Failed to establish a new connection: [WinError 10061] No connection could be made because the target machine actively refused it'))
2025-08-27 14:53:32,051 - src.utils - INFO - data_ingestion_processing - Storing scid=4 event_time='2025-08-27 14:53:29' event_rule_id=3 event_name='FPA_VOLTAGE_FID' event_rule='FPA_VOLTAGE > 15' event_src='constellation_tracker' spark_script='fpa_voltage' gem_full_path='C:/vcid.pgem'
2025-08-27 14:53:32,052 - DB_Handler.DB_Handler - INFO - get_dt_object - Using Time Format %Y-%m-%d %H:%M:%S
2025-08-27 14:53:32,061 - src.SPARK_Manager - INFO - spark_mgr - Sending EventManager_API job_id = 96 to SPARK
2025-08-27 14:53:36,100 - src.utils - ERROR - data_ingestion_processing - Issues with Storing scid=4 event_time='2025-08-27 14:53:29' event_rule_id=3 event_name='FPA_VOLTAGE_FID' event_rule='FPA_VOLTAGE > 15' event_src='constellation_tracker' spark_script='fpa_voltage' gem_full_path='C:/vcid.pgem' : HTTPConnectionPool(host='localhost', port=8001): Max retries exceeded with url: /api/analysis (Caused by NewConnectionError('<urllib3.connection.HTTPConnection object at 0x0000014692779A30>: Failed to establish a new connection: [WinError 10061] No connection could be made because the target machine actively refused it'))
2025-08-27 14:53:39,744 - src.routes - INFO - store_metric_alert - POST Request for ASTRA Event received with SCID: 5 and metric: FPA_VOLTAGE_FID
2025-08-27 14:53:41,585 - src.SPARK_Manager - INFO - spark_mgr - Sending EventManager_API job_id = 95 to SPARK
2025-08-27 14:53:42,103 - src.utils - INFO - data_ingestion_processing - Storing scid=5 event_time='2025-08-27 14:53:39' event_rule_id=3 event_name='FPA_VOLTAGE_FID' event_rule='FPA_VOLTAGE > 15' event_src='constellation_tracker' spark_script='fpa_voltage' gem_full_path='C:/vcid.pgem'
2025-08-27 14:53:42,104 - DB_Handler.DB_Handler - INFO - get_dt_object - Using Time Format %Y-%m-%d %H:%M:%S
2025-08-27 14:53:42,111 - src.SPARK_Manager - INFO - spark_mgr - Sending EventManager_API job_id = 97 to SPARK
2025-08-27 14:53:45,679 - src.utils - ERROR - data_polling_processing - Issue with SPARK Manager: HTTPConnectionPool(host='localhost', port=8001): Max retries exceeded with url: /api/analysis (Caused by NewConnectionError('<urllib3.connection.HTTPConnection object at 0x000001469277D3D0>: Failed to establish a new connection: [WinError 10061] No connection could be made because the target machine actively refused it'))
2025-08-27 14:53:46,182 - src.utils - ERROR - data_ingestion_processing - Issues with Storing scid=5 event_time='2025-08-27 14:53:39' event_rule_id=3 event_name='FPA_VOLTAGE_FID' event_rule='FPA_VOLTAGE > 15' event_src='constellation_tracker' spark_script='fpa_voltage' gem_full_path='C:/vcid.pgem' : HTTPConnectionPool(host='localhost', port=8001): Max retries exceeded with url: /api/analysis (Caused by NewConnectionError('<urllib3.connection.HTTPConnection object at 0x0000014692779520>: Failed to establish a new connection: [WinError 10061] No connection could be made because the target machine actively refused it'))
2025-08-27 14:53:49,455 - src.routes - INFO - shutdown_event - Shutting Down EventManager_API Application
2025-08-27 14:53:49,456 - src.routes - INFO - shutdown_event - Shutting Down EventManager_API Application
2025-08-27 14:56:10,485 - __main__ - INFO - main - Using config file api_config.json
2025-08-27 14:56:10,486 - __main__ - INFO - main - Starting Application on http://ITE00647722:8000
2025-08-27 14:56:10,672 - DB_Handler.DB_Handler - INFO - initialize_database - Database 'postgresql+psycopg2://event_mgr:event_mgr@localhost/events_db' initialized with given tables
2025-08-27 14:56:10,673 - src.utils - INFO - data_ingestion_processing - Starting Data Ingestion Porcessing
2025-08-27 14:56:10,673 - src.utils - INFO - data_polling_processing - Starting Data Polling Porcessing for given sources ['ecql'] polling for new events every 10 seconds
2025-08-27 14:56:12,989 - src.routes - INFO - shutdown_event - Shutting Down EventManager_API Application
2025-08-27 14:56:12,991 - src.routes - INFO - shutdown_event - Shutting Down EventManager_API Application
2025-08-27 14:56:39,100 - __main__ - INFO - main - Using config file api_config.json
2025-08-27 14:56:39,101 - __main__ - INFO - main - Starting Application on http://ITE00647722:8000
2025-08-27 14:56:39,253 - DB_Handler.DB_Handler - INFO - initialize_database - Database 'postgresql+psycopg2://event_mgr:event_mgr@localhost/events_db' initialized with given tables
2025-08-27 14:56:39,254 - src.utils - INFO - data_ingestion_processing - Starting Data Ingestion Porcessing
2025-08-27 14:56:39,254 - src.utils - INFO - data_polling_processing - Starting Data Polling Porcessing for given sources ['ecql'] polling for new events every 10 seconds
2025-08-27 14:56:42,239 - src.routes - INFO - shutdown_event - Shutting Down EventManager_API Application
2025-08-27 14:56:42,241 - src.routes - INFO - shutdown_event - Shutting Down EventManager_API Application
