2025-08-25 15:09:57,665 - DB_Handler.DB_Handler - INFO - Database 'postgresql+psycopg2://event_mgr:event_mgr@localhost/events_db' initialized with given tables
2025-08-25 15:09:57,667 - __main__ - INFO - No batch file.
2025-08-25 15:09:57,668 - __main__ - INFO - Adding ECQL New Event scid=2 event_time='2025-08-25 15:09:57' event_rule_id=1 event_name='GEOPARS' event_rule='SPA_STM_Spacecraft_Id:e==20' event_src='ecql' spark_script='' gem_full_path='C:\\vcid.pgem'
2025-08-25 15:09:57,669 - DB_Handler.DB_Handler - INFO - Using Time Format %Y-%m-%d %H:%M:%S
2025-08-25 15:10:24,676 - __main__ - INFO - No batch file.
2025-08-25 15:10:24,679 - __main__ - INFO - Adding ECQL New Event scid=2 event_time='2025-08-25 15:10:24' event_rule_id=1 event_name='GEOPARS' event_rule='SPA_STM_Spacecraft_Id:e==20' event_src='ecql' spark_script='' gem_full_path='C:\\vcid.pgem'
2025-08-25 15:10:24,683 - DB_Handler.DB_Handler - INFO - Using Time Format %Y-%m-%d %H:%M:%S
2025-08-25 15:11:05,687 - __main__ - INFO - No batch file.
2025-08-25 15:11:05,688 - __main__ - INFO - Adding ECQL New Event scid=2 event_time='2025-08-25 15:11:05' event_rule_id=2 event_name='GEOXCD' event_rule='SPA_STM_Spacecraft_Id:e==20' event_src='ecql' spark_script='' gem_full_path='C:\\vcid.pgem'
2025-08-25 15:11:05,689 - DB_Handler.DB_Handler - INFO - Using Time Format %Y-%m-%d %H:%M:%S
2025-08-26 16:11:20,540 - DB_Handler.DB_Handler - INFO - Database 'postgresql+psycopg2://event_mgr:event_mgr@localhost/events_db' initialized with given tables
2025-08-26 16:11:20,542 - __main__ - INFO - No batch file.
2025-08-26 16:11:20,542 - __main__ - INFO - Adding ECQL New Event scid=1 event_time='2025-08-26 16:11:20' event_rule_id=3 event_name='GEOGMP' event_rule='SPA_STM_Spacecraft_Id:e==10' event_src='ecql' spark_script='' gem_full_path='C:\\vcid.pgem'
2025-08-26 16:11:20,543 - DB_Handler.DB_Handler - INFO - Using Time Format %Y-%m-%d %H:%M:%S
2025-08-26 16:11:41,552 - __main__ - INFO - No batch file.
2025-08-26 16:11:41,553 - __main__ - INFO - Adding ECQL New Event scid=1 event_time='2025-08-26 16:11:41' event_rule_id=0 event_name='GEOHEARTBEAT' event_rule='SPA_STM_Spacecraft_Id:e==10' event_src='ecql' spark_script='' gem_full_path='C:\\vcid.pgem'
2025-08-26 16:11:41,554 - DB_Handler.DB_Handler - INFO - Using Time Format %Y-%m-%d %H:%M:%S
2025-08-26 16:12:15,561 - __main__ - INFO - No batch file.
2025-08-26 16:12:15,562 - __main__ - INFO - Adding ECQL New Event scid=1 event_time='2025-08-26 16:12:15' event_rule_id=1 event_name='GEOPARS' event_rule='SPA_STM_Spacecraft_Id:e==10' event_src='ecql' spark_script='' gem_full_path='C:\\vcid.pgem'
2025-08-26 16:12:15,563 - DB_Handler.DB_Handler - INFO - Using Time Format %Y-%m-%d %H:%M:%S
2025-08-26 16:12:50,574 - __main__ - INFO - No batch file.
2025-08-26 16:12:50,574 - __main__ - INFO - Adding ECQL New Event scid=1 event_time='2025-08-26 16:12:50' event_rule_id=0 event_name='GEOHEARTBEAT' event_rule='SPA_STM_Spacecraft_Id:e==10' event_src='ecql' spark_script='' gem_full_path='C:\\vcid.pgem'
2025-08-26 16:12:50,575 - DB_Handler.DB_Handler - INFO - Using Time Format %Y-%m-%d %H:%M:%S
2025-08-26 16:13:36,582 - __main__ - INFO - No batch file.
2025-08-26 16:13:36,583 - __main__ - INFO - Adding ECQL New Event scid=1 event_time='2025-08-26 16:13:36' event_rule_id=2 event_name='GEOXCD' event_rule='SPA_STM_Spacecraft_Id:e==10' event_src='ecql' spark_script='' gem_full_path='C:\\vcid.pgem'
2025-08-26 16:13:36,585 - DB_Handler.DB_Handler - INFO - Using Time Format %Y-%m-%d %H:%M:%S
2025-08-26 16:14:18,597 - __main__ - INFO - No batch file.
2025-08-26 16:14:18,598 - __main__ - INFO - Adding ECQL New Event scid=1 event_time='2025-08-26 16:14:18' event_rule_id=2 event_name='GEOXCD' event_rule='SPA_STM_Spacecraft_Id:e==10' event_src='ecql' spark_script='' gem_full_path='C:\\vcid.pgem'
2025-08-26 16:14:18,598 - DB_Handler.DB_Handler - INFO - Using Time Format %Y-%m-%d %H:%M:%S
2025-08-26 16:14:37,605 - __main__ - INFO - No batch file.
2025-08-26 16:14:37,607 - __main__ - INFO - Adding ECQL New Event scid=1 event_time='2025-08-26 16:14:37' event_rule_id=1 event_name='GEOPARS' event_rule='SPA_STM_Spacecraft_Id:e==10' event_src='ecql' spark_script='' gem_full_path='C:\\vcid.pgem'
2025-08-26 16:14:37,608 - DB_Handler.DB_Handler - INFO - Using Time Format %Y-%m-%d %H:%M:%S
2025-08-26 16:14:47,614 - __main__ - INFO - No batch file.
2025-08-26 16:14:47,615 - __main__ - INFO - Adding ECQL New Event scid=1 event_time='2025-08-26 16:14:47' event_rule_id=1 event_name='GEOPARS' event_rule='SPA_STM_Spacecraft_Id:e==10' event_src='ecql' spark_script='' gem_full_path='C:\\vcid.pgem'
2025-08-26 16:14:47,615 - DB_Handler.DB_Handler - INFO - Using Time Format %Y-%m-%d %H:%M:%S
2025-08-26 16:14:59,621 - __main__ - INFO - No batch file.
2025-08-26 16:14:59,621 - __main__ - INFO - Adding ECQL New Event scid=1 event_time='2025-08-26 16:14:59' event_rule_id=2 event_name='GEOXCD' event_rule='SPA_STM_Spacecraft_Id:e==10' event_src='ecql' spark_script='' gem_full_path='C:\\vcid.pgem'
2025-08-26 16:14:59,621 - DB_Handler.DB_Handler - INFO - Using Time Format %Y-%m-%d %H:%M:%S
2025-08-26 16:15:23,629 - __main__ - INFO - No batch file.
2025-08-26 16:15:23,630 - __main__ - INFO - Adding ECQL New Event scid=1 event_time='2025-08-26 16:15:23' event_rule_id=3 event_name='GEOGMP' event_rule='SPA_STM_Spacecraft_Id:e==10' event_src='ecql' spark_script='' gem_full_path='C:\\vcid.pgem'
2025-08-26 16:15:23,632 - DB_Handler.DB_Handler - INFO - Using Time Format %Y-%m-%d %H:%M:%S
2025-08-26 16:15:59,638 - __main__ - INFO - No batch file.
2025-08-26 16:15:59,640 - __main__ - INFO - Adding ECQL New Event scid=1 event_time='2025-08-26 16:15:59' event_rule_id=3 event_name='GEOGMP' event_rule='SPA_STM_Spacecraft_Id:e==10' event_src='ecql' spark_script='' gem_full_path='C:\\vcid.pgem'
2025-08-26 16:15:59,641 - DB_Handler.DB_Handler - INFO - Using Time Format %Y-%m-%d %H:%M:%S
2025-08-27 14:52:14,373 - DB_Handler.DB_Handler - INFO - Using DB address : postgresql+psycopg2://event_mgr:event_mgr@localhost/events_db
2025-08-27 14:52:14,374 - __main__ - INFO - No batch file.
2025-08-27 14:52:14,375 - __main__ - INFO - Adding ECQL New Event scid=2 event_time='2025-08-27 14:52:14' event_rule_id=0 event_name='GEOHEARTBEAT' event_rule='SPA_STM_Spacecraft_Id:e==20' event_src='ecql' spark_script='' gem_full_path='C:\\vcid.pgem'
2025-08-27 14:53:25,144 - DB_Handler.DB_Handler - INFO - Using DB address : postgresql+psycopg2://event_mgr:event_mgr@localhost/events_db
2025-08-27 14:53:25,291 - DB_Handler.DB_Handler - INFO - Database 'postgresql+psycopg2://event_mgr:event_mgr@localhost/events_db' initialized with given tables
2025-08-27 14:53:25,292 - __main__ - INFO - No batch file.
2025-08-27 14:53:25,293 - __main__ - INFO - Adding ECQL New Event scid=2 event_time='2025-08-27 14:53:25' event_rule_id=2 event_name='GEOXCD' event_rule='SPA_STM_Spacecraft_Id:e==20' event_src='ecql' spark_script='' gem_full_path='C:\\vcid.pgem'
2025-08-27 14:53:25,294 - DB_Handler.DB_Handler - INFO - Using Time Format %Y-%m-%d %H:%M:%S
2025-08-27 15:11:52,260 - DB_Handler.DB_Handler - INFO - Using DB address : postgresql+psycopg2://event_mgr:event_mgr@localhost/events_db
2025-08-27 15:11:52,400 - DB_Handler.DB_Handler - INFO - Database 'postgresql+psycopg2://event_mgr:event_mgr@localhost/events_db' initialized with given tables
2025-08-27 15:11:52,401 - __main__ - INFO - No batch file.
2025-08-27 15:11:52,401 - __main__ - INFO - Adding ECQL New Event scid=1 event_time='2025-08-27 15:11:52' event_rule_id=1 event_name='GEOPARS' event_rule='SPA_STM_Spacecraft_Id:e==10' event_src='ecql' spark_script='' gem_full_path='C:\\vcid.pgem'
2025-08-27 15:11:52,402 - DB_Handler.DB_Handler - INFO - Using Time Format %Y-%m-%d %H:%M:%S
2025-08-27 15:12:32,410 - __main__ - INFO - No batch file.
2025-08-27 15:12:32,410 - __main__ - INFO - Adding ECQL New Event scid=1 event_time='2025-08-27 15:12:32' event_rule_id=3 event_name='GEOGMP' event_rule='SPA_STM_Spacecraft_Id:e==10' event_src='ecql' spark_script='' gem_full_path='C:\\vcid.pgem'
2025-08-27 15:12:32,410 - DB_Handler.DB_Handler - INFO - Using Time Format %Y-%m-%d %H:%M:%S
2025-08-27 15:12:55,416 - __main__ - INFO - No batch file.
2025-08-27 15:12:55,416 - __main__ - INFO - Adding ECQL New Event scid=1 event_time='2025-08-27 15:12:55' event_rule_id=1 event_name='GEOPARS' event_rule='SPA_STM_Spacecraft_Id:e==10' event_src='ecql' spark_script='' gem_full_path='C:\\vcid.pgem'
2025-08-27 15:12:55,417 - DB_Handler.DB_Handler - INFO - Using Time Format %Y-%m-%d %H:%M:%S
2025-08-27 15:13:18,426 - __main__ - INFO - No batch file.
2025-08-27 15:13:18,426 - __main__ - INFO - Adding ECQL New Event scid=1 event_time='2025-08-27 15:13:18' event_rule_id=2 event_name='GEOXCD' event_rule='SPA_STM_Spacecraft_Id:e==10' event_src='ecql' spark_script='' gem_full_path='C:\\vcid.pgem'
2025-08-27 15:13:18,427 - DB_Handler.DB_Handler - INFO - Using Time Format %Y-%m-%d %H:%M:%S
2025-08-27 15:13:45,434 - __main__ - INFO - No batch file.
2025-08-27 15:13:45,436 - __main__ - INFO - Adding ECQL New Event scid=1 event_time='2025-08-27 15:13:45' event_rule_id=3 event_name='GEOGMP' event_rule='SPA_STM_Spacecraft_Id:e==10' event_src='ecql' spark_script='' gem_full_path='C:\\vcid.pgem'
2025-08-27 15:13:45,438 - DB_Handler.DB_Handler - INFO - Using Time Format %Y-%m-%d %H:%M:%S
