2025-08-25 14:49:48,735 - __main__ - INFO - Using config file C:\Users\J33423\Documents\SPICE\ecql_web\API\api_config.json
2025-08-25 14:49:48,737 - __main__ - INFO - Starting Application on http://ITE00647722:8000
2025-08-25 14:49:48,738 - __main__ - INFO - Using DB address : postgresql+psycopg2://event_mgr:event_mgr@localhost/events_db
2025-08-25 14:49:48,880 - DB_Handler.DB_Handler - INFO - Database 'postgresql+psycopg2://event_mgr:event_mgr@localhost/events_db' initialized with given tables
2025-08-25 14:49:48,887 - __main__ - INFO - Starting Data Polling Porcessing for given sources ['ecql'] polling for new events every 10 seconds
2025-08-25 14:49:48,888 - root - INFO - Looking for new ecql events
2025-08-25 14:49:58,894 - root - INFO - Looking for new ecql events
2025-08-25 14:50:08,904 - root - INFO - Looking for new ecql events
2025-08-25 14:50:08,908 - API.SPARK_Manager - INFO - Sending EventManager_API job_id = 61 to SPARK
2025-08-25 14:50:08,933 - DB_Handler.DB_Handler - INFO - Updated entry ID 61 spark_report_id column with new value: -1
2025-08-25 14:50:18,934 - root - INFO - Looking for new ecql events
2025-08-25 14:50:28,938 - root - INFO - Looking for new ecql events
2025-08-25 14:50:28,944 - API.SPARK_Manager - INFO - Sending EventManager_API job_id = 62 to SPARK
2025-08-25 14:50:28,955 - DB_Handler.DB_Handler - INFO - Updated entry ID 62 spark_report_id column with new value: -1
2025-08-25 14:50:38,956 - root - INFO - Looking for new ecql events
2025-08-25 14:50:41,032 - __main__ - INFO - Getting Request from SPARK job_id=61 url='https://www.google.com//61_2_GEOPARS_ecql' spark_id=46
2025-08-25 14:50:41,041 - DB_Handler.DB_Handler - INFO - Updated entry ID 61 spark_report_id column with new value: 46
2025-08-25 14:50:48,961 - root - INFO - Looking for new ecql events
2025-08-25 14:50:48,961 - API.SPARK_Manager - INFO - Sending EventManager_API job_id = 63 to SPARK
2025-08-25 14:50:48,975 - DB_Handler.DB_Handler - INFO - Updated entry ID 63 spark_report_id column with new value: -1
2025-08-25 14:50:58,976 - root - INFO - Looking for new ecql events
2025-08-25 14:51:08,980 - root - INFO - Looking for new ecql events
2025-08-25 14:51:11,051 - __main__ - INFO - Getting Request from SPARK job_id=62 url='https://www.google.com//62_2_GEOXCD_ecql' spark_id=47
2025-08-25 14:51:11,055 - DB_Handler.DB_Handler - INFO - Updated entry ID 62 spark_report_id column with new value: 47
2025-08-25 14:51:18,985 - root - INFO - Looking for new ecql events
2025-08-25 14:51:28,991 - root - INFO - Looking for new ecql events
2025-08-25 14:51:28,993 - API.SPARK_Manager - INFO - Sending EventManager_API job_id = 64 to SPARK
2025-08-25 14:51:29,004 - DB_Handler.DB_Handler - INFO - Updated entry ID 64 spark_report_id column with new value: -1
2025-08-25 14:51:39,006 - root - INFO - Looking for new ecql events
2025-08-25 14:51:41,074 - __main__ - INFO - Getting Request from SPARK job_id=63 url='https://www.google.com//63_2_GEOXCD_ecql' spark_id=48
2025-08-25 14:51:41,082 - DB_Handler.DB_Handler - INFO - Updated entry ID 63 spark_report_id column with new value: 48
2025-08-25 14:51:49,011 - root - INFO - Looking for new ecql events
2025-08-25 14:51:59,015 - root - INFO - Looking for new ecql events
2025-08-25 14:52:09,019 - root - INFO - Looking for new ecql events
2025-08-25 14:52:11,101 - __main__ - INFO - Getting Request from SPARK job_id=64 url='https://www.google.com//64_2_GEOGMP_ecql' spark_id=49
2025-08-25 14:52:11,109 - DB_Handler.DB_Handler - INFO - Updated entry ID 64 spark_report_id column with new value: 49
2025-08-25 14:52:19,027 - root - INFO - Looking for new ecql events
2025-08-25 14:52:29,031 - root - INFO - Looking for new ecql events
2025-08-25 14:52:39,036 - root - INFO - Looking for new ecql events
2025-08-25 14:52:42,943 - __main__ - INFO - Application is closing , shutting down thread
2025-08-25 14:52:42,944 - __main__ - INFO - Data Ingestion Thread Sucessfully Closed
2025-08-25 14:52:49,040 - __main__ - INFO - Data Polling Thread Sucessfully Closed
